
2017-09-28 12:17:18.586667  --  ERROR: HTTP Response 412
{
  "error": "No session found for 324416eb5db2a44af9bfab520ee9bec83486de450a5aa148eaf4945f8b58dcd5",
  "code": "SESSION_GONE"
}
2017-09-28 12:17:27.462609  --  ERROR: HTTP Response 412
{
  "error": "No session found for c03c27d87b60c47be8ce42b9359e78e34eaf182e16cc7921c9af014ba4e9064e",
  "code": "SESSION_GONE"
}
2017-09-28 12:17:49.110494  --  ERROR: HTTP Response 412
{
  "error": "No session found for e9672451a8724390e72ef594ac8a069b034f6dd097b2eb0636d2b7c836d64b3c",
  "code": "SESSION_GONE"
}
2017-09-28 12:18:23.122564  --  ERROR: HTTP Response 412
{
  "code": "SESSION_GONE",
  "error": "No session found for 0d2cf85a916efb53cccf7a7dd7f94515f14f5c02a771d3ccfd819c4893dccc34"
}
2017-09-28 12:19:04.275493  --  ERROR: HTTP Response 412
{
  "code": "SESSION_GONE",
  "error": "No session found for 0d2cf85a916efb53cccf7a7dd7f94515f14f5c02a771d3ccfd819c4893dccc34"
}
2017-09-28 12:29:37.088904  --  ERROR: HTTP Response 412
{
  "code": "SESSION_GONE",
  "error": "No session found for e571b3b7d4b86d4e66d9c850b7097ac0a4c5ca127f16df0c3b0aa3082a0a20d6"
}
2017-09-28 12:34:12.795851  --  ERROR: HTTP Response 412
{
  "code": "SESSION_GONE",
  "error": "No session found for e571b3b7d4b86d4e66d9c850b7097ac0a4c5ca127f16df0c3b0aa3082a0a20d6"
}
2017-09-28 12:35:19.622903  --  ERROR: HTTP Response 412
{
  "code": "SESSION_GONE",
  "error": "No session found for e571b3b7d4b86d4e66d9c850b7097ac0a4c5ca127f16df0c3b0aa3082a0a20d6"
}
2017-09-28 12:36:05.585132  --  ERROR: HTTP Response 412
{
  "code": "SESSION_GONE",
  "error": "No session found for e571b3b7d4b86d4e66d9c850b7097ac0a4c5ca127f16df0c3b0aa3082a0a20d6"
}
2017-09-28 12:37:49.908830  --  ERROR: HTTP Response 412
{
  "code": "SESSION_GONE",
  "error": "No session found for e571b3b7d4b86d4e66d9c850b7097ac0a4c5ca127f16df0c3b0aa3082a0a20d6"
}
2017-09-28 12:38:28.151947  --  ERROR: HTTP Response 412
{
  "code": "SESSION_GONE",
  "error": "No session found for 9"
}
2017-09-28 12:39:14.406271  --  ERROR: HTTP Response 412
{
  "error": "No session found for 97202d9a571de2dc7508c41dc7f55bc69cda3c6459384f98d5d688d1a575d4be",
  "code": "SESSION_GONE"
}